0 info it worked if it ends with ok
1 verbose cli [ 'C:\\Program Files\\nodejs\\node.exe',
1 verbose cli   'C:\\Users\\an5ra\\AppData\\Roaming\\npm\\node_modules\\npm\\bin\\npm-cli.js',
1 verbose cli   'run',
1 verbose cli   'dev' ]
2 info using npm@3.10.9
3 info using node@v4.6.0
4 verbose run-script [ 'predev', 'dev', 'postdev' ]
5 info lifecycle logger@1.0.0~predev: logger@1.0.0
6 silly lifecycle logger@1.0.0~predev: no script for predev, continuing
7 info lifecycle logger@1.0.0~dev: logger@1.0.0
8 verbose lifecycle logger@1.0.0~dev: unsafe-perm in lifecycle true
9 verbose lifecycle logger@1.0.0~dev: PATH: C:\Users\an5ra\AppData\Roaming\npm\node_modules\npm\bin\node-gyp-bin;C:\Users\an5ra\WebstormProjects\logger\node_modules\.bin;C:\Program Files\bin;C:\Program Files\vendor\conemu-maximus5\ConEmu\Scripts;C:\Program Files\vendor\conemu-maximus5;C:\Program Files\vendor\conemu-maximus5\ConEmu;C:\ProgramData\Oracle\Java\javapath;C:\WINDOWS\system32;C:\WINDOWS;C:\WINDOWS\System32\Wbem;C:\WINDOWS\System32\WindowsPowerShell\v1.0\;C:\Program Files\nodejs\;C:\Program Files\Git\cmd;C:\Program Files (x86)\Windows Live\Shared;C:\Ruby23-x64\bin;C:\Users\an5ra\AppData\Local\Programs\Python\Python35-32\Scripts\;C:\Users\an5ra\AppData\Local\Programs\Python\Python35-32\;C:\Users\an5ra\AppData\Local\Microsoft\WindowsApps;C:\Users\an5ra\AppData\Roaming\npm;"C:\Program Files\MongoDB\Server\3.2\bin";C:\Users\an5ra\AppData\Local\atom\bin;C:\Program Files\Git\usr\bin;C:\Program Files\Git\usr\share\vim\vim74;C:\Program Files\
10 verbose lifecycle logger@1.0.0~dev: CWD: C:\Users\an5ra\WebstormProjects\logger
11 silly lifecycle logger@1.0.0~dev: Args: [ '/d /s /c', 'webpack -d --watch' ]
12 silly lifecycle logger@1.0.0~dev: Returned: code: 3221225495  signal: null
13 info lifecycle logger@1.0.0~dev: Failed to exec dev script
14 verbose stack Error: logger@1.0.0 dev: `webpack -d --watch`
14 verbose stack Exit status 3221225495
14 verbose stack     at EventEmitter.<anonymous> (C:\Users\an5ra\AppData\Roaming\npm\node_modules\npm\lib\utils\lifecycle.js:255:16)
14 verbose stack     at emitTwo (events.js:87:13)
14 verbose stack     at EventEmitter.emit (events.js:172:7)
14 verbose stack     at ChildProcess.<anonymous> (C:\Users\an5ra\AppData\Roaming\npm\node_modules\npm\lib\utils\spawn.js:40:14)
14 verbose stack     at emitTwo (events.js:87:13)
14 verbose stack     at ChildProcess.emit (events.js:172:7)
14 verbose stack     at maybeClose (internal/child_process.js:829:16)
14 verbose stack     at Process.ChildProcess._handle.onexit (internal/child_process.js:211:5)
15 verbose pkgid logger@1.0.0
16 verbose cwd C:\Users\an5ra\WebstormProjects\logger
17 error Windows_NT 10.0.14393
18 error argv "C:\\Program Files\\nodejs\\node.exe" "C:\\Users\\an5ra\\AppData\\Roaming\\npm\\node_modules\\npm\\bin\\npm-cli.js" "run" "dev"
19 error node v4.6.0
20 error npm  v3.10.9
21 error code ELIFECYCLE
22 error logger@1.0.0 dev: `webpack -d --watch`
22 error Exit status 3221225495
23 error Failed at the logger@1.0.0 dev script 'webpack -d --watch'.
23 error Make sure you have the latest version of node.js and npm installed.
23 error If you do, this is most likely a problem with the logger package,
23 error not with npm itself.
23 error Tell the author that this fails on your system:
23 error     webpack -d --watch
23 error You can get information on how to open an issue for this project with:
23 error     npm bugs logger
23 error Or if that isn't available, you can get their info via:
23 error     npm owner ls logger
23 error There is likely additional logging output above.
24 verbose exit [ 1, true ]
